Performing C SOURCE FILE Test Iconv_IS_BUILT_IN failed with the following output:
Change Dir: /Users/amidsan/CLionProjects/DirScanner/cmake-build-debug/CMakeFiles/CMakeTmp

Run Build Command(s):/usr/bin/make cmTC_f6de9/fast && /Library/Developer/CommandLineTools/usr/bin/make  -f CMakeFiles/cmTC_f6de9.dir/build.make CMakeFiles/cmTC_f6de9.dir/build
Building C object CMakeFiles/cmTC_f6de9.dir/src.c.o
/Library/Developer/CommandLineTools/usr/bin/cc -DIconv_IS_BUILT_IN   -o CMakeFiles/cmTC_f6de9.dir/src.c.o -c /Users/amidsan/CLionProjects/DirScanner/cmake-build-debug/CMakeFiles/CMakeTmp/src.c
Linking C executable cmTC_f6de9
/Applications/CLion.app/Contents/bin/cmake/mac/bin/cmake -E cmake_link_script CMakeFiles/cmTC_f6de9.dir/link.txt --verbose=1
/Library/Developer/CommandLineTools/usr/bin/cc -Wl,-search_paths_first -Wl,-headerpad_max_install_names CMakeFiles/cmTC_f6de9.dir/src.c.o -o cmTC_f6de9 
Undefined symbols for architecture x86_64:
  "_iconv", referenced from:
      _main in src.c.o
  "_iconv_close", referenced from:
      _main in src.c.o
  "_iconv_open", referenced from:
      _main in src.c.o
ld: symbol(s) not found for architecture x86_64
clang: error: linker command failed with exit code 1 (use -v to see invocation)
make[1]: *** [cmTC_f6de9] Error 1
make: *** [cmTC_f6de9/fast] Error 2


Source file was:

      #include <stddef.h>
      #include <iconv.h>
      int main() {
        char *a, *b;
        size_t i, j;
        iconv_t ic;
        ic = iconv_open("to", "from");
        iconv(ic, &a, &i, &b, &j);
        iconv_close(ic);
      }
      
